<?xml version="1.0" ?>
<!DOCTYPE coverage SYSTEM "http://cobertura.sourceforge.net/xml/coverage-04.dtd">
<coverage lines-valid="6" lines-covered="6" line-rate="1" branches-valid="0" branches-covered="0" branch-rate="1" timestamp="1633746303367" complexity="0" version="0.1">
  <sources>
    <source>/var/www/html</source>
  </sources>
  <packages>
    <class name="ExampleComponent.vue" filename="resources/js/components/ExampleComponent.vue" line-rate="1" branch-rate="1">
      <methods>
        <method name="(anonymous_9)" hits="2" signature="()V">
          <lines>
            <line number="22" hits="2"/>
          </lines>
        </method>
        <method name="(anonymous_11)" hits="1" signature="()V">
          <lines>
            <line number="23" hits="1"/>
          </lines>
        </method>
      </methods>
      <lines>
        <line number="18" hits="1" branch="false"/>
        <line number="19" hits="1" branch="false"/>
        <line number="22" hits="2" branch="false"/>
        <line number="23" hits="1" branch="false"/>
        <line number="24" hits="1" branch="false"/>
        <line number="26" hits="1" branch="false"/>
      </lines>
    </class>
  </packages>
</coverage>
